<?xml version="1.0" encoding="UTF-8" ?>
<testsuites>
  <testsuite errors="0" failures="0" hostname="INabhisp.local" id="0" name="BookTest" package="com.thoughtworks.biblioteca" skipped="0" tests="6" time="0.023" timestamp="2015-09-08T13:08:25">
      <properties>
[...]
</properties>

      <testcase classname="com.thoughtworks.biblioteca.BookTest" name="shouldDisplayBookNameAuthorAndYearPublishedWhenItIsPrinted" time="0.002" />

      <testcase classname="com.thoughtworks.biblioteca.BookTest" name="shouldHaveSameHashCodeComparingABookToAnotherBookWithSameCoordinates" time="0.0" />

      <testcase classname="com.thoughtworks.biblioteca.BookTest" name="shouldNotBeEqualWhenComparingABookToNonBookEntity" time="0.0" />

      <testcase classname="com.thoughtworks.biblioteca.BookTest" name="shouldBeEqualWhenComparingABookToItself" time="0.0" />

      <testcase classname="com.thoughtworks.biblioteca.BookTest" name="shouldHaveSameHashCodeComparingABookToItself" time="0.001" />

      <testcase classname="com.thoughtworks.biblioteca.BookTest" name="shouldNotBeEqualWhenComparingABookToNull" time="0.0" />

      <system-out><![CDATA[18:38:25,720 |-INFO in ch.qos.logback.classic.LoggerContext[default] - Could NOT find resource [logback.groovy]
18:38:25,720 |-INFO in ch.qos.logback.classic.LoggerContext[default] - Could NOT find resource [logback-test.xml]
18:38:25,720 |-INFO in ch.qos.logback.classic.LoggerContext[default] - Found resource [logback.xml] at [jar:file:/Users/abhisp/IdeaProjects/Biblioteca/lib/cobertura-2.1.1/cobertura-2.1.1-sources.jar!/logback.xml]
18:38:25,721 |-WARN in ch.qos.logback.classic.LoggerContext[default] - Resource [logback.xml] occurs multiple times on the classpath.
18:38:25,721 |-WARN in ch.qos.logback.classic.LoggerContext[default] - Resource [logback.xml] occurs at [jar:file:/Users/abhisp/IdeaProjects/Biblioteca/lib/cobertura-2.1.1/cobertura-2.1.1.jar!/logback.xml]
18:38:25,721 |-WARN in ch.qos.logback.classic.LoggerContext[default] - Resource [logback.xml] occurs at [jar:file:/Users/abhisp/IdeaProjects/Biblioteca/lib/cobertura-2.1.1/cobertura-2.1.1-sources.jar!/logback.xml]
18:38:25,742 |-INFO in ch.qos.logback.core.joran.spi.ConfigurationWatchList@4d89136d - URL [jar:file:/Users/abhisp/IdeaProjects/Biblioteca/lib/cobertura-2.1.1/cobertura-2.1.1-sources.jar!/logback.xml] is not of type file
18:38:25,797 |-INFO in ch.qos.logback.classic.joran.action.ConfigurationAction - debug attribute not set
18:38:25,802 |-INFO in ch.qos.logback.core.joran.action.AppenderAction - About to instantiate appender of type [ch.qos.logback.core.ConsoleAppender]
18:38:25,813 |-INFO in ch.qos.logback.core.joran.action.AppenderAction - Naming appender as [STDOUT]
18:38:25,839 |-INFO in ch.qos.logback.core.joran.action.NestedComplexPropertyIA - Assuming default type [ch.qos.logback.classic.encoder.PatternLayoutEncoder] for [encoder] property
18:38:25,891 |-INFO in ch.qos.logback.classic.joran.action.LoggerAction - Setting level of logger [net.sourceforge.cobertura] to INFO
18:38:25,891 |-INFO in ch.qos.logback.classic.joran.action.RootLoggerAction - Setting level of ROOT logger to DEBUG
18:38:25,891 |-INFO in ch.qos.logback.core.joran.action.AppenderRefAction - Attaching appender named [STDOUT] to Logger[ROOT]
18:38:25,892 |-INFO in ch.qos.logback.classic.joran.action.ConfigurationAction - End of configuration.
18:38:25,893 |-INFO in ch.qos.logback.classic.joran.JoranConfigurator@625a80df - Registering current configuration as safe fallback point

]]></system-out>

      <system-err><![CDATA[]]></system-err>

  </testsuite>
  <testsuite errors="0" failures="0" hostname="INabhisp.local" id="1" name="CheckoutBookMenuOptionTest" package="com.thoughtworks.biblioteca" skipped="0" tests="1" time="0.143" timestamp="2015-09-08T13:08:27">
      <properties>
[...]
</properties>

      <testcase classname="com.thoughtworks.biblioteca.CheckoutBookMenuOptionTest" name="shouldCallInputReaderReadWhenDoOperationIsCalled" time="0.124" />

      <system-out><![CDATA[18:38:27,277 |-INFO in ch.qos.logback.classic.LoggerContext[default] - Could NOT find resource [logback.groovy]
18:38:27,277 |-INFO in ch.qos.logback.classic.LoggerContext[default] - Could NOT find resource [logback-test.xml]
18:38:27,277 |-INFO in ch.qos.logback.classic.LoggerContext[default] - Found resource [logback.xml] at [jar:file:/Users/abhisp/IdeaProjects/Biblioteca/lib/cobertura-2.1.1/cobertura-2.1.1-sources.jar!/logback.xml]
18:38:27,278 |-WARN in ch.qos.logback.classic.LoggerContext[default] - Resource [logback.xml] occurs multiple times on the classpath.
18:38:27,278 |-WARN in ch.qos.logback.classic.LoggerContext[default] - Resource [logback.xml] occurs at [jar:file:/Users/abhisp/IdeaProjects/Biblioteca/lib/cobertura-2.1.1/cobertura-2.1.1.jar!/logback.xml]
18:38:27,278 |-WARN in ch.qos.logback.classic.LoggerContext[default] - Resource [logback.xml] occurs at [jar:file:/Users/abhisp/IdeaProjects/Biblioteca/lib/cobertura-2.1.1/cobertura-2.1.1-sources.jar!/logback.xml]
18:38:27,299 |-INFO in ch.qos.logback.core.joran.spi.ConfigurationWatchList@312da6df - URL [jar:file:/Users/abhisp/IdeaProjects/Biblioteca/lib/cobertura-2.1.1/cobertura-2.1.1-sources.jar!/logback.xml] is not of type file
18:38:27,353 |-INFO in ch.qos.logback.classic.joran.action.ConfigurationAction - debug attribute not set
18:38:27,359 |-INFO in ch.qos.logback.core.joran.action.AppenderAction - About to instantiate appender of type [ch.qos.logback.core.ConsoleAppender]
18:38:27,371 |-INFO in ch.qos.logback.core.joran.action.AppenderAction - Naming appender as [STDOUT]
18:38:27,397 |-INFO in ch.qos.logback.core.joran.action.NestedComplexPropertyIA - Assuming default type [ch.qos.logback.classic.encoder.PatternLayoutEncoder] for [encoder] property
18:38:27,450 |-INFO in ch.qos.logback.classic.joran.action.LoggerAction - Setting level of logger [net.sourceforge.cobertura] to INFO
18:38:27,450 |-INFO in ch.qos.logback.classic.joran.action.RootLoggerAction - Setting level of ROOT logger to DEBUG
18:38:27,450 |-INFO in ch.qos.logback.core.joran.action.AppenderRefAction - Attaching appender named [STDOUT] to Logger[ROOT]
18:38:27,451 |-INFO in ch.qos.logback.classic.joran.action.ConfigurationAction - End of configuration.
18:38:27,453 |-INFO in ch.qos.logback.classic.joran.JoranConfigurator@2c2693b2 - Registering current configuration as safe fallback point

]]></system-out>

      <system-err><![CDATA[]]></system-err>

  </testsuite>
  <testsuite errors="0" failures="0" hostname="INabhisp.local" id="2" name="InputReaderTest" package="com.thoughtworks.biblioteca" skipped="0" tests="1" time="0.023" timestamp="2015-09-08T13:08:29">
      <properties>
[...]
</properties>

      <testcase classname="com.thoughtworks.biblioteca.InputReaderTest" name="shouldReturnFooStringWhenFooInputByTheUser" time="0.004" />

      <system-out><![CDATA[18:38:28,958 |-INFO in ch.qos.logback.classic.LoggerContext[default] - Could NOT find resource [logback.groovy]
18:38:28,958 |-INFO in ch.qos.logback.classic.LoggerContext[default] - Could NOT find resource [logback-test.xml]
18:38:28,959 |-INFO in ch.qos.logback.classic.LoggerContext[default] - Found resource [logback.xml] at [jar:file:/Users/abhisp/IdeaProjects/Biblioteca/lib/cobertura-2.1.1/cobertura-2.1.1-sources.jar!/logback.xml]
18:38:28,960 |-WARN in ch.qos.logback.classic.LoggerContext[default] - Resource [logback.xml] occurs multiple times on the classpath.
18:38:28,960 |-WARN in ch.qos.logback.classic.LoggerContext[default] - Resource [logback.xml] occurs at [jar:file:/Users/abhisp/IdeaProjects/Biblioteca/lib/cobertura-2.1.1/cobertura-2.1.1.jar!/logback.xml]
18:38:28,960 |-WARN in ch.qos.logback.classic.LoggerContext[default] - Resource [logback.xml] occurs at [jar:file:/Users/abhisp/IdeaProjects/Biblioteca/lib/cobertura-2.1.1/cobertura-2.1.1-sources.jar!/logback.xml]
18:38:28,981 |-INFO in ch.qos.logback.core.joran.spi.ConfigurationWatchList@7b8c1496 - URL [jar:file:/Users/abhisp/IdeaProjects/Biblioteca/lib/cobertura-2.1.1/cobertura-2.1.1-sources.jar!/logback.xml] is not of type file
18:38:29,035 |-INFO in ch.qos.logback.classic.joran.action.ConfigurationAction - debug attribute not set
18:38:29,040 |-INFO in ch.qos.logback.core.joran.action.AppenderAction - About to instantiate appender of type [ch.qos.logback.core.ConsoleAppender]
18:38:29,051 |-INFO in ch.qos.logback.core.joran.action.AppenderAction - Naming appender as [STDOUT]
18:38:29,077 |-INFO in ch.qos.logback.core.joran.action.NestedComplexPropertyIA - Assuming default type [ch.qos.logback.classic.encoder.PatternLayoutEncoder] for [encoder] property
18:38:29,136 |-INFO in ch.qos.logback.classic.joran.action.LoggerAction - Setting level of logger [net.sourceforge.cobertura] to INFO
18:38:29,136 |-INFO in ch.qos.logback.classic.joran.action.RootLoggerAction - Setting level of ROOT logger to DEBUG
18:38:29,136 |-INFO in ch.qos.logback.core.joran.action.AppenderRefAction - Attaching appender named [STDOUT] to Logger[ROOT]
18:38:29,137 |-INFO in ch.qos.logback.classic.joran.action.ConfigurationAction - End of configuration.
18:38:29,140 |-INFO in ch.qos.logback.classic.joran.JoranConfigurator@299bc338 - Registering current configuration as safe fallback point

]]></system-out>

      <system-err><![CDATA[]]></system-err>

  </testsuite>
  <testsuite errors="0" failures="0" hostname="INabhisp.local" id="3" name="InvalidMenuOptionTest" package="com.thoughtworks.biblioteca" skipped="0" tests="1" time="0.023" timestamp="2015-09-08T13:08:30">
      <properties>
[...]
</properties>

      <testcase classname="com.thoughtworks.biblioteca.InvalidMenuOptionTest" name="shouldDisplaySelectAValidOptionWhenAnInvalidOptionIsChosen" time="0.002" />

      <system-out><![CDATA[18:38:30,534 |-INFO in ch.qos.logback.classic.LoggerContext[default] - Could NOT find resource [logback.groovy]
18:38:30,535 |-INFO in ch.qos.logback.classic.LoggerContext[default] - Could NOT find resource [logback-test.xml]
18:38:30,535 |-INFO in ch.qos.logback.classic.LoggerContext[default] - Found resource [logback.xml] at [jar:file:/Users/abhisp/IdeaProjects/Biblioteca/lib/cobertura-2.1.1/cobertura-2.1.1-sources.jar!/logback.xml]
18:38:30,536 |-WARN in ch.qos.logback.classic.LoggerContext[default] - Resource [logback.xml] occurs multiple times on the classpath.
18:38:30,536 |-WARN in ch.qos.logback.classic.LoggerContext[default] - Resource [logback.xml] occurs at [jar:file:/Users/abhisp/IdeaProjects/Biblioteca/lib/cobertura-2.1.1/cobertura-2.1.1.jar!/logback.xml]
18:38:30,536 |-WARN in ch.qos.logback.classic.LoggerContext[default] - Resource [logback.xml] occurs at [jar:file:/Users/abhisp/IdeaProjects/Biblioteca/lib/cobertura-2.1.1/cobertura-2.1.1-sources.jar!/logback.xml]
18:38:30,557 |-INFO in ch.qos.logback.core.joran.spi.ConfigurationWatchList@2c2693b2 - URL [jar:file:/Users/abhisp/IdeaProjects/Biblioteca/lib/cobertura-2.1.1/cobertura-2.1.1-sources.jar!/logback.xml] is not of type file
18:38:30,611 |-INFO in ch.qos.logback.classic.joran.action.ConfigurationAction - debug attribute not set
18:38:30,617 |-INFO in ch.qos.logback.core.joran.action.AppenderAction - About to instantiate appender of type [ch.qos.logback.core.ConsoleAppender]
18:38:30,627 |-INFO in ch.qos.logback.core.joran.action.AppenderAction - Naming appender as [STDOUT]
18:38:30,653 |-INFO in ch.qos.logback.core.joran.action.NestedComplexPropertyIA - Assuming default type [ch.qos.logback.classic.encoder.PatternLayoutEncoder] for [encoder] property
18:38:30,712 |-INFO in ch.qos.logback.classic.joran.action.LoggerAction - Setting level of logger [net.sourceforge.cobertura] to INFO
18:38:30,712 |-INFO in ch.qos.logback.classic.joran.action.RootLoggerAction - Setting level of ROOT logger to DEBUG
18:38:30,712 |-INFO in ch.qos.logback.core.joran.action.AppenderRefAction - Attaching appender named [STDOUT] to Logger[ROOT]
18:38:30,713 |-INFO in ch.qos.logback.classic.joran.action.ConfigurationAction - End of configuration.
18:38:30,715 |-INFO in ch.qos.logback.classic.joran.JoranConfigurator@18aaa1c3 - Registering current configuration as safe fallback point

]]></system-out>

      <system-err><![CDATA[]]></system-err>

  </testsuite>
  <testsuite errors="0" failures="0" hostname="INabhisp.local" id="4" name="LibraryTest" package="com.thoughtworks.biblioteca" skipped="0" tests="2" time="0.025" timestamp="2015-09-08T13:08:32">
      <properties>
[...]
</properties>

      <testcase classname="com.thoughtworks.biblioteca.LibraryTest" name="shouldDisplayBookListWhenDisplayIsCalled" time="0.003" />

      <testcase classname="com.thoughtworks.biblioteca.LibraryTest" name="shouldCheckOutBookGivenBookName" time="0.0" />

      <system-out><![CDATA[18:38:32,101 |-INFO in ch.qos.logback.classic.LoggerContext[default] - Could NOT find resource [logback.groovy]
18:38:32,101 |-INFO in ch.qos.logback.classic.LoggerContext[default] - Could NOT find resource [logback-test.xml]
18:38:32,101 |-INFO in ch.qos.logback.classic.LoggerContext[default] - Found resource [logback.xml] at [jar:file:/Users/abhisp/IdeaProjects/Biblioteca/lib/cobertura-2.1.1/cobertura-2.1.1-sources.jar!/logback.xml]
18:38:32,102 |-WARN in ch.qos.logback.classic.LoggerContext[default] - Resource [logback.xml] occurs multiple times on the classpath.
18:38:32,102 |-WARN in ch.qos.logback.classic.LoggerContext[default] - Resource [logback.xml] occurs at [jar:file:/Users/abhisp/IdeaProjects/Biblioteca/lib/cobertura-2.1.1/cobertura-2.1.1.jar!/logback.xml]
18:38:32,102 |-WARN in ch.qos.logback.classic.LoggerContext[default] - Resource [logback.xml] occurs at [jar:file:/Users/abhisp/IdeaProjects/Biblioteca/lib/cobertura-2.1.1/cobertura-2.1.1-sources.jar!/logback.xml]
18:38:32,123 |-INFO in ch.qos.logback.core.joran.spi.ConfigurationWatchList@72d3f17d - URL [jar:file:/Users/abhisp/IdeaProjects/Biblioteca/lib/cobertura-2.1.1/cobertura-2.1.1-sources.jar!/logback.xml] is not of type file
18:38:32,177 |-INFO in ch.qos.logback.classic.joran.action.ConfigurationAction - debug attribute not set
18:38:32,182 |-INFO in ch.qos.logback.core.joran.action.AppenderAction - About to instantiate appender of type [ch.qos.logback.core.ConsoleAppender]
18:38:32,192 |-INFO in ch.qos.logback.core.joran.action.AppenderAction - Naming appender as [STDOUT]
18:38:32,218 |-INFO in ch.qos.logback.core.joran.action.NestedComplexPropertyIA - Assuming default type [ch.qos.logback.classic.encoder.PatternLayoutEncoder] for [encoder] property
18:38:32,268 |-INFO in ch.qos.logback.classic.joran.action.LoggerAction - Setting level of logger [net.sourceforge.cobertura] to INFO
18:38:32,268 |-INFO in ch.qos.logback.classic.joran.action.RootLoggerAction - Setting level of ROOT logger to DEBUG
18:38:32,268 |-INFO in ch.qos.logback.core.joran.action.AppenderRefAction - Attaching appender named [STDOUT] to Logger[ROOT]
18:38:32,269 |-INFO in ch.qos.logback.classic.joran.action.ConfigurationAction - End of configuration.
18:38:32,271 |-INFO in ch.qos.logback.classic.joran.JoranConfigurator@38938070 - Registering current configuration as safe fallback point

]]></system-out>

      <system-err><![CDATA[]]></system-err>

  </testsuite>
  <testsuite errors="0" failures="0" hostname="INabhisp.local" id="5" name="ListBooksMenuOptionTest" package="com.thoughtworks.biblioteca" skipped="0" tests="1" time="0.136" timestamp="2015-09-08T13:08:33">
      <properties>
[...]
</properties>

      <testcase classname="com.thoughtworks.biblioteca.ListBooksMenuOptionTest" name="shouldCallLibraryDisplayWhenDoOperationIsCalled" time="0.116" />

      <system-out><![CDATA[18:38:33,655 |-INFO in ch.qos.logback.classic.LoggerContext[default] - Could NOT find resource [logback.groovy]
18:38:33,656 |-INFO in ch.qos.logback.classic.LoggerContext[default] - Could NOT find resource [logback-test.xml]
18:38:33,656 |-INFO in ch.qos.logback.classic.LoggerContext[default] - Found resource [logback.xml] at [jar:file:/Users/abhisp/IdeaProjects/Biblioteca/lib/cobertura-2.1.1/cobertura-2.1.1-sources.jar!/logback.xml]
18:38:33,657 |-WARN in ch.qos.logback.classic.LoggerContext[default] - Resource [logback.xml] occurs multiple times on the classpath.
18:38:33,657 |-WARN in ch.qos.logback.classic.LoggerContext[default] - Resource [logback.xml] occurs at [jar:file:/Users/abhisp/IdeaProjects/Biblioteca/lib/cobertura-2.1.1/cobertura-2.1.1.jar!/logback.xml]
18:38:33,657 |-WARN in ch.qos.logback.classic.LoggerContext[default] - Resource [logback.xml] occurs at [jar:file:/Users/abhisp/IdeaProjects/Biblioteca/lib/cobertura-2.1.1/cobertura-2.1.1-sources.jar!/logback.xml]
18:38:33,681 |-INFO in ch.qos.logback.core.joran.spi.ConfigurationWatchList@299bc338 - URL [jar:file:/Users/abhisp/IdeaProjects/Biblioteca/lib/cobertura-2.1.1/cobertura-2.1.1-sources.jar!/logback.xml] is not of type file
18:38:33,736 |-INFO in ch.qos.logback.classic.joran.action.ConfigurationAction - debug attribute not set
18:38:33,742 |-INFO in ch.qos.logback.core.joran.action.AppenderAction - About to instantiate appender of type [ch.qos.logback.core.ConsoleAppender]
18:38:33,755 |-INFO in ch.qos.logback.core.joran.action.AppenderAction - Naming appender as [STDOUT]
18:38:33,781 |-INFO in ch.qos.logback.core.joran.action.NestedComplexPropertyIA - Assuming default type [ch.qos.logback.classic.encoder.PatternLayoutEncoder] for [encoder] property
18:38:33,834 |-INFO in ch.qos.logback.classic.joran.action.LoggerAction - Setting level of logger [net.sourceforge.cobertura] to INFO
18:38:33,834 |-INFO in ch.qos.logback.classic.joran.action.RootLoggerAction - Setting level of ROOT logger to DEBUG
18:38:33,834 |-INFO in ch.qos.logback.core.joran.action.AppenderRefAction - Attaching appender named [STDOUT] to Logger[ROOT]
18:38:33,835 |-INFO in ch.qos.logback.classic.joran.action.ConfigurationAction - End of configuration.
18:38:33,837 |-INFO in ch.qos.logback.classic.joran.JoranConfigurator@312da6df - Registering current configuration as safe fallback point

]]></system-out>

      <system-err><![CDATA[]]></system-err>

  </testsuite>
  <testsuite errors="0" failures="0" hostname="INabhisp.local" id="6" name="MainMenuTest" package="com.thoughtworks.biblioteca" skipped="0" tests="6" time="0.136" timestamp="2015-09-08T13:08:35">
      <properties>
[...]
</properties>

      <testcase classname="com.thoughtworks.biblioteca.MainMenuTest" name="shouldDisplayInvalidOptionWhenAnInvalidOptionIsChosen" time="0.108" />

      <testcase classname="com.thoughtworks.biblioteca.MainMenuTest" name="shouldTakeInputFromUserWhenCheckoutOptionIsChosen" time="0.002" />

      <testcase classname="com.thoughtworks.biblioteca.MainMenuTest" name="shouldDisplayCheckOutOption" time="0.0" />

      <testcase classname="com.thoughtworks.biblioteca.MainMenuTest" name="shouldInvokeReadFromInputReaderAfterDisplayingOptions" time="0.0" />

      <testcase classname="com.thoughtworks.biblioteca.MainMenuTest" name="shouldDisplayListBooksOptionInitially" time="0.0" />

      <testcase classname="com.thoughtworks.biblioteca.MainMenuTest" name="shouldKeepDiplayingOptionsUntilQuitOptionIsChosen" time="0.001" />

      <system-out><![CDATA[18:38:35,328 |-INFO in ch.qos.logback.classic.LoggerContext[default] - Could NOT find resource [logback.groovy]
18:38:35,328 |-INFO in ch.qos.logback.classic.LoggerContext[default] - Could NOT find resource [logback-test.xml]
18:38:35,328 |-INFO in ch.qos.logback.classic.LoggerContext[default] - Found resource [logback.xml] at [jar:file:/Users/abhisp/IdeaProjects/Biblioteca/lib/cobertura-2.1.1/cobertura-2.1.1-sources.jar!/logback.xml]
18:38:35,329 |-WARN in ch.qos.logback.classic.LoggerContext[default] - Resource [logback.xml] occurs multiple times on the classpath.
18:38:35,329 |-WARN in ch.qos.logback.classic.LoggerContext[default] - Resource [logback.xml] occurs at [jar:file:/Users/abhisp/IdeaProjects/Biblioteca/lib/cobertura-2.1.1/cobertura-2.1.1.jar!/logback.xml]
18:38:35,329 |-WARN in ch.qos.logback.classic.LoggerContext[default] - Resource [logback.xml] occurs at [jar:file:/Users/abhisp/IdeaProjects/Biblioteca/lib/cobertura-2.1.1/cobertura-2.1.1-sources.jar!/logback.xml]
18:38:35,350 |-INFO in ch.qos.logback.core.joran.spi.ConfigurationWatchList@4f5bec86 - URL [jar:file:/Users/abhisp/IdeaProjects/Biblioteca/lib/cobertura-2.1.1/cobertura-2.1.1-sources.jar!/logback.xml] is not of type file
18:38:35,405 |-INFO in ch.qos.logback.classic.joran.action.ConfigurationAction - debug attribute not set
18:38:35,411 |-INFO in ch.qos.logback.core.joran.action.AppenderAction - About to instantiate appender of type [ch.qos.logback.core.ConsoleAppender]
18:38:35,421 |-INFO in ch.qos.logback.core.joran.action.AppenderAction - Naming appender as [STDOUT]
18:38:35,447 |-INFO in ch.qos.logback.core.joran.action.NestedComplexPropertyIA - Assuming default type [ch.qos.logback.classic.encoder.PatternLayoutEncoder] for [encoder] property
18:38:35,499 |-INFO in ch.qos.logback.classic.joran.action.LoggerAction - Setting level of logger [net.sourceforge.cobertura] to INFO
18:38:35,499 |-INFO in ch.qos.logback.classic.joran.action.RootLoggerAction - Setting level of ROOT logger to DEBUG
18:38:35,499 |-INFO in ch.qos.logback.core.joran.action.AppenderRefAction - Attaching appender named [STDOUT] to Logger[ROOT]
18:38:35,499 |-INFO in ch.qos.logback.classic.joran.action.ConfigurationAction - End of configuration.
18:38:35,501 |-INFO in ch.qos.logback.classic.joran.JoranConfigurator@1c057a1e - Registering current configuration as safe fallback point

]]></system-out>

      <system-err><![CDATA[]]></system-err>

  </testsuite>
  <testsuite errors="0" failures="0" hostname="INabhisp.local" id="7" name="WelcomeMessageTest" package="com.thoughtworks.biblioteca" skipped="0" tests="1" time="0.025" timestamp="2015-09-08T13:08:37">
      <properties>
[...]
</properties>

      <testcase classname="com.thoughtworks.biblioteca.WelcomeMessageTest" name="shouldDisplayWelcomeMessageWhenWelcomeStringIsPassed" time="0.003" />

      <system-out><![CDATA[18:38:37,011 |-INFO in ch.qos.logback.classic.LoggerContext[default] - Could NOT find resource [logback.groovy]
18:38:37,011 |-INFO in ch.qos.logback.classic.LoggerContext[default] - Could NOT find resource [logback-test.xml]
18:38:37,011 |-INFO in ch.qos.logback.classic.LoggerContext[default] - Found resource [logback.xml] at [jar:file:/Users/abhisp/IdeaProjects/Biblioteca/lib/cobertura-2.1.1/cobertura-2.1.1-sources.jar!/logback.xml]
18:38:37,012 |-WARN in ch.qos.logback.classic.LoggerContext[default] - Resource [logback.xml] occurs multiple times on the classpath.
18:38:37,013 |-WARN in ch.qos.logback.classic.LoggerContext[default] - Resource [logback.xml] occurs at [jar:file:/Users/abhisp/IdeaProjects/Biblioteca/lib/cobertura-2.1.1/cobertura-2.1.1.jar!/logback.xml]
18:38:37,013 |-WARN in ch.qos.logback.classic.LoggerContext[default] - Resource [logback.xml] occurs at [jar:file:/Users/abhisp/IdeaProjects/Biblioteca/lib/cobertura-2.1.1/cobertura-2.1.1-sources.jar!/logback.xml]
18:38:37,033 |-INFO in ch.qos.logback.core.joran.spi.ConfigurationWatchList@2c2693b2 - URL [jar:file:/Users/abhisp/IdeaProjects/Biblioteca/lib/cobertura-2.1.1/cobertura-2.1.1-sources.jar!/logback.xml] is not of type file
18:38:37,088 |-INFO in ch.qos.logback.classic.joran.action.ConfigurationAction - debug attribute not set
18:38:37,094 |-INFO in ch.qos.logback.core.joran.action.AppenderAction - About to instantiate appender of type [ch.qos.logback.core.ConsoleAppender]
18:38:37,104 |-INFO in ch.qos.logback.core.joran.action.AppenderAction - Naming appender as [STDOUT]
18:38:37,130 |-INFO in ch.qos.logback.core.joran.action.NestedComplexPropertyIA - Assuming default type [ch.qos.logback.classic.encoder.PatternLayoutEncoder] for [encoder] property
18:38:37,183 |-INFO in ch.qos.logback.classic.joran.action.LoggerAction - Setting level of logger [net.sourceforge.cobertura] to INFO
18:38:37,183 |-INFO in ch.qos.logback.classic.joran.action.RootLoggerAction - Setting level of ROOT logger to DEBUG
18:38:37,183 |-INFO in ch.qos.logback.core.joran.action.AppenderRefAction - Attaching appender named [STDOUT] to Logger[ROOT]
18:38:37,184 |-INFO in ch.qos.logback.classic.joran.action.ConfigurationAction - End of configuration.
18:38:37,185 |-INFO in ch.qos.logback.classic.joran.JoranConfigurator@18aaa1c3 - Registering current configuration as safe fallback point

]]></system-out>

      <system-err><![CDATA[]]></system-err>

  </testsuite>
</testsuites>
